<?xml version="1.0" encoding="UTF-8"?>
<!-- Generated by org.testng.reporters.JUnitReportReporter -->
<testsuite hostname="LAPTOP-LK04PM99" failures="0" tests="1" name="testClassPackage.testClass" time="5.200" errors="0" timestamp="2023-05-29T00:45:15 IST" skipped="0">
  <testcase classname="testClassPackage.testClass" name="execute" time="5.200"/>
  <system-out/>
</testsuite> <!-- testClassPackage.testClass -->
